<?xml version="1.0" encoding="UTF-8"?>
<!-- Generated by org.testng.reporters.JUnitXMLReporter -->
<testsuite ignored="6" hostname="DESKTOP-IRE7K3E" failures="1" tests="4" name="Name of the First Test   Buy the Stocks" time="75.17" errors="0" timestamp="2022-06-06T14:10:36 IST">
  <testcase classname="TestCases.DoLogin" name="doLogin" time="21.921"/>
  <testcase classname="TestCases.DoLogin" name="selectPortfolio" time="9.267"/>
  <testcase classname="TestCases.StockManagement" name="goToCompany" time="10.546"/>
  <testcase classname="TestCases.StockManagement" name="buyTheStock" time="32.824">
    <failure type="java.lang.IllegalArgumentException" message="Keys to send should be a not null CharSequence">
      <![CDATA[java.lang.IllegalArgumentException: Keys to send should be a not null CharSequence
at org.openqa.selenium.remote.RemoteWebElement.sendKeys(RemoteWebElement.java:92)
at Utilty.GenericKeyword.type(GenericKeyword.java:102)
at TestCases.StockManagement.buyTheStock(StockManagement.java:58)
at java.base/java.util.ArrayList.forEach(ArrayList.java:1511)
at Runner.TestNGRunner.run(TestNGRunner.java:80)
at Runner.JsonRunner.main(JsonRunner.java:88)
... Removed 24 stack frames]]>
    </failure>
  </testcase> <!-- buyTheStock -->
  <testcase classname="TestCases.StockManagement" name="sellTheStock" time="0.0">
    <ignored/>
  </testcase> <!-- sellTheStock -->
  <testcase classname="TestCases.StockManagement" name="quantityAfterModification" time="0.0">
    <ignored/>
  </testcase> <!-- quantityAfterModification -->
  <testcase classname="TestBase.RediffBase" name="@AfterSuite afterSuite" time="0.0">
    <ignored/>
  </testcase> <!-- @AfterSuite afterSuite -->
  <testcase classname="TestCases.StockManagement" name="addStock" time="0.0">
    <ignored/>
  </testcase> <!-- addStock -->
  <testcase classname="TestBase.RediffBase" name="@BeforeTest beforeTest" time="0.0">
    <ignored/>
  </testcase> <!-- @BeforeTest beforeTest -->
  <testcase classname="TestBase.RediffBase" name="@AfterTest afterTest" time="0.0">
    <ignored/>
  </testcase> <!-- @AfterTest afterTest -->
</testsuite> <!-- Name of the First Test   Buy the Stocks -->
