<?xml version="1.0" encoding="UTF-8"?>
<!-- Generated by org.testng.reporters.JUnitXMLReporter -->
<testsuite ignored="6" hostname="DESKTOP-IRE7K3E" failures="1" tests="4" name="Buy the Stocks " time="67.61" errors="0" timestamp="2022-06-09T12:48:50 IST">
  <testcase classname="TestCases.DoLogin" name="doLogin" time="39.887"/>
  <testcase classname="TestCases.DoLogin" name="selectPortfolio" time="14.328"/>
  <testcase classname="TestCases.StockManagement" name="goToCompany" time="10.641"/>
  <testcase classname="TestCases.StockManagement" name="buyTheStock" time="0.0">
    <failure type="org.testng.TestNGException" message="
Parameter &amp;apos;action&amp;apos; is required by @Test on method buyTheStock but has not been marked @Optional or defined
in C:\Java WorkSpace\DataDrivenFrameWork\stocks.xml">
      <![CDATA[org.testng.TestNGException: 
Parameter 'action' is required by @Test on method buyTheStock but has not been marked @Optional or defined
in C:\Java WorkSpace\DataDrivenFrameWork\stocks.xml
at java.base/java.util.ArrayList.forEach(ArrayList.java:1511)
... Removed 26 stack frames]]>
    </failure>
  </testcase> <!-- buyTheStock -->
  <testcase classname="TestCases.StockManagement" name="quantityAfterModification" time="0.0">
    <ignored/>
  </testcase> <!-- quantityAfterModification -->
  <testcase classname="TestCases.StockManagement" name="sellTheStock" time="0.0">
    <ignored/>
  </testcase> <!-- sellTheStock -->
  <testcase classname="TestBase.RediffBase" name="@AfterSuite afterSuite" time="0.0">
    <ignored/>
  </testcase> <!-- @AfterSuite afterSuite -->
  <testcase classname="TestCases.StockManagement" name="addStock" time="0.0">
    <ignored/>
  </testcase> <!-- addStock -->
  <testcase classname="TestBase.RediffBase" name="@BeforeTest beforeTest" time="0.0">
    <ignored/>
  </testcase> <!-- @BeforeTest beforeTest -->
  <testcase classname="TestBase.RediffBase" name="@AfterTest afterTest" time="0.0">
    <ignored/>
  </testcase> <!-- @AfterTest afterTest -->
</testsuite> <!-- Buy the Stocks  -->
