<?xml version="1.0" encoding="UTF-8"?>
<!-- Generated by org.testng.reporters.JUnitXMLReporter -->
<testsuite ignored="5" hostname="DESKTOP-IRE7K3E" failures="0" tests="2" name="Create again Portfolio" time="28.318" errors="0" timestamp="2022-05-18T01:07:32 IST">
  <testcase classname="TestCases.Session" name="doLogin" time="23.898"/>
  <testcase classname="TestCases.CreatePortfolio" name="createPortfolio" time="4.404"/>
  <testcase classname="TestCases.CreatePortfolio" name="deletePortfolio" time="0.0">
    <ignored/>
  </testcase> <!-- deletePortfolio -->
  <testcase classname="TestBase.RediffBase" name="@BeforeTest beforeTest" time="0.0">
    <ignored/>
  </testcase> <!-- @BeforeTest beforeTest -->
  <testcase classname="TestCases.Session" name="doLogout" time="0.0">
    <ignored/>
  </testcase> <!-- doLogout -->
  <testcase classname="TestBase.RediffBase" name="@AfterSuite afterTest" time="0.0">
    <ignored/>
  </testcase> <!-- @AfterSuite afterTest -->
  <testcase classname="TestBase.RediffBase" name="@BeforeSuite beforeSuite" time="0.0">
    <ignored/>
  </testcase> <!-- @BeforeSuite beforeSuite -->
</testsuite> <!-- Create again Portfolio -->
