<?xml version="1.0" encoding="UTF-8"?>
<!-- Generated by org.testng.reporters.JUnitXMLReporter -->
<testsuite ignored="1" hostname="DESKTOP-IRE7K3E" failures="0" tests="1" name="Delete Portfolio" time="6.244" errors="0" timestamp="2022-05-24T13:00:57 IST">
  <testcase classname="TestCases.CreatePortfolio" name="deletePortfolio" time="6.163"/>
  <testcase classname="TestCases.CreatePortfolio" name="createPortfolio" time="0.0">
    <ignored/>
  </testcase> <!-- createPortfolio -->
</testsuite> <!-- Delete Portfolio -->
