<?xml version="1.0" encoding="UTF-8"?>
<!-- Generated by org.testng.reporters.JUnitXMLReporter -->
<testsuite ignored="3" hostname="DESKTOP-IRE7K3E" failures="0" tests="2" name="Portfolio" time="37.937" errors="0" timestamp="2022-05-17T17:33:24 IST">
  <testcase classname="TestCases.Session" name="doLogin" time="24.541"/>
  <testcase classname="TestCases.CreatePortfolio" name="createPortfolio" time="11.799"/>
  <testcase classname="TestBase.RediffBase" name="@BeforeTest beforeTest" time="0.0">
    <ignored/>
  </testcase> <!-- @BeforeTest beforeTest -->
  <testcase classname="TestCases.Session" name="doLogout" time="0.0">
    <ignored/>
  </testcase> <!-- doLogout -->
  <testcase classname="TestBase.RediffBase" name="@AfterTest afterTest" time="0.0">
    <ignored/>
  </testcase> <!-- @AfterTest afterTest -->
</testsuite> <!-- Portfolio -->
