<?xml version="1.0" encoding="UTF-8"?>
<!-- Generated by org.testng.reporters.JUnitXMLReporter -->
<testsuite ignored="1" hostname="DESKTOP-IRE7K3E" failures="1" tests="1" name="Socks" time="10.215" errors="0" timestamp="2022-05-25T12:51:00 IST">
  <testcase classname="TestCases.StockManagement" name="goToCompany" time="10.115">
    <failure type="java.lang.IndexOutOfBoundsException" message="Index 0 out of bounds for length 0">
      <![CDATA[java.lang.IndexOutOfBoundsException: Index 0 out of bounds for length 0
at java.base/jdk.internal.util.Preconditions.outOfBounds(Preconditions.java:64)
at java.base/jdk.internal.util.Preconditions.outOfBoundsCheckIndex(Preconditions.java:70)
at java.base/jdk.internal.util.Preconditions.checkIndex(Preconditions.java:266)
at java.base/java.util.Objects.checkIndex(Objects.java:359)
at java.base/java.util.ArrayList.get(ArrayList.java:427)
at Utilty.GenericKeyword.selectDataFromTable(GenericKeyword.java:264)
at Utilty.ApplicationKeyword.getCompanyFromTable(ApplicationKeyword.java:57)
at TestCases.StockManagement.goToCompany(StockManagement.java:30)
at java.base/java.util.ArrayList.forEach(ArrayList.java:1511)
... Removed 27 stack frames]]>
    </failure>
  </testcase> <!-- goToCompany -->
  <testcase classname="TestCases.StockManagement" name="addStock" time="0.0">
    <ignored/>
  </testcase> <!-- addStock -->
</testsuite> <!-- Socks -->
