<?xml version="1.0" encoding="UTF-8"?>
<!-- Generated by org.testng.reporters.JUnitXMLReporter -->
<testsuite ignored="4" hostname="DESKTOP-IRE7K3E" failures="1" tests="2" name="Stocks" time="25.249" errors="0" timestamp="2022-05-25T23:40:49 IST">
  <testcase classname="TestCases.StockManagement" name="goToCompany" time="10.515"/>
  <testcase classname="TestCases.StockManagement" name="transactionHistory" time="14.442">
    <failure type="org.openqa.selenium.ElementClickInterceptedException" message="element click intercepted: Element &amp;lt;input type=&amp;quot;button&amp;quot; name=&amp;quot;Transaction History&amp;quot; title=&amp;quot;Transaction History&amp;quot; class=&amp;quot;equityTransaction&amp;quot; value=&amp;quot;Transaction History&amp;quot; data-equityid=&amp;quot;22665218&amp;quot;&amp;gt; is not clickable at point (608, 608). Other element would receive the click: &amp;lt;div id=&amp;quot;MainDv&amp;quot; class=&amp;quot;MainDv&amp;quot; style=&amp;quot;display: block; height: 1276px; width: 100%;&amp;quot;&amp;gt;&amp;lt;/div&amp;gt;
  (Session info: MicrosoftEdge=101.0.1210.53)
Build info: version: &amp;apos;4.1.1&amp;apos;, revision: &amp;apos;e8fcc2cecf&amp;apos;
System info: host: &amp;apos;DESKTOP-IRE7K3E&amp;apos;, ip: &amp;apos;192.168.0.102&amp;apos;, os.name: &amp;apos;Windows 10&amp;apos;, os.arch: &amp;apos;amd64&amp;apos;, os.version: &amp;apos;10.0&amp;apos;, java.version: &amp;apos;17.0.2&amp;apos;
Driver info: org.openqa.selenium.edge.EdgeDriver
Command: [afbeccbb7dbe3fdf06c55b4c8716d274, clickElement {id=87a5e8e3-8e82-438f-919f-13fe13232a9c}]
Capabilities {acceptInsecureCerts: false, browserName: msedge, browserVersion: 101.0.1210.53, javascriptEnabled: true, ms:edgeOptions: {debuggerAddress: localhost:64057}, msedge: {msedgedriverVersion: 101.0.1210.53 (019dbf6dd738..., userDataDir: C:\Users\Lenovo\AppData\Loc...}, networkConnectionEnabled: false, pageLoadStrategy: normal, platform: WINDOWS, platformName: WINDOWS, proxy: Proxy(), se:cdp: ws://localhost:64057/devtoo..., se:cdpVersion: 101.0.1210.53, setWindowRect: true, strictFileInteractability: false, timeouts: {implicit: 0, pageLoad: 300000, script: 30000}, unhandledPromptBehavior: dismiss and notify, webauthn:extension:credBlob: true, webauthn:extension:largeBlob: true, webauthn:virtualAuthenticators: true}
Element: [[EdgeDriver: msedge on WINDOWS (afbeccbb7dbe3fdf06c55b4c8716d274)] -&amp;gt; xpath: //table[@id=&amp;quot;stock&amp;quot;]//tr[2]//td//input[@name=&amp;apos;Transaction History&amp;apos;]]
Session ID: afbeccbb7dbe3fdf06c55b4c8716d274">
      <![CDATA[org.openqa.selenium.ElementClickInterceptedException: element click intercepted: Element <input type="button" name="Transaction History" title="Transaction History" class="equityTransaction" value="Transaction History" data-equityid="22665218"> is not clickable at point (608, 608). Other element would receive the click: <div id="MainDv" class="MainDv" style="display: block; height: 1276px; width: 100%;"></div>
  (Session info: MicrosoftEdge=101.0.1210.53)
Build info: version: '4.1.1', revision: 'e8fcc2cecf'
System info: host: 'DESKTOP-IRE7K3E', ip: '192.168.0.102', os.name: 'Windows 10', os.arch: 'amd64', os.version: '10.0', java.version: '17.0.2'
Driver info: org.openqa.selenium.edge.EdgeDriver
Command: [afbeccbb7dbe3fdf06c55b4c8716d274, clickElement {id=87a5e8e3-8e82-438f-919f-13fe13232a9c}]
Capabilities {acceptInsecureCerts: false, browserName: msedge, browserVersion: 101.0.1210.53, javascriptEnabled: true, ms:edgeOptions: {debuggerAddress: localhost:64057}, msedge: {msedgedriverVersion: 101.0.1210.53 (019dbf6dd738..., userDataDir: C:\Users\Lenovo\AppData\Loc...}, networkConnectionEnabled: false, pageLoadStrategy: normal, platform: WINDOWS, platformName: WINDOWS, proxy: Proxy(), se:cdp: ws://localhost:64057/devtoo..., se:cdpVersion: 101.0.1210.53, setWindowRect: true, strictFileInteractability: false, timeouts: {implicit: 0, pageLoad: 300000, script: 30000}, unhandledPromptBehavior: dismiss and notify, webauthn:extension:credBlob: true, webauthn:extension:largeBlob: true, webauthn:virtualAuthenticators: true}
Element: [[EdgeDriver: msedge on WINDOWS (afbeccbb7dbe3fdf06c55b4c8716d274)] -> xpath: //table[@id="stock"]//tr[2]//td//input[@name='Transaction History']]
Session ID: afbeccbb7dbe3fdf06c55b4c8716d274
at org.openqa.selenium.remote.codec.w3c.W3CHttpResponseCodec.createException(W3CHttpResponseCodec.java:200)
at org.openqa.selenium.remote.codec.w3c.W3CHttpResponseCodec.decode(W3CHttpResponseCodec.java:133)
at org.openqa.selenium.remote.codec.w3c.W3CHttpResponseCodec.decode(W3CHttpResponseCodec.java:53)
at org.openqa.selenium.remote.HttpCommandExecutor.execute(HttpCommandExecutor.java:184)
at org.openqa.selenium.remote.service.DriverCommandExecutor.invokeExecute(DriverCommandExecutor.java:167)
at org.openqa.selenium.remote.service.DriverCommandExecutor.execute(DriverCommandExecutor.java:142)
at org.openqa.selenium.remote.RemoteWebDriver.execute(RemoteWebDriver.java:543)
at org.openqa.selenium.remote.RemoteWebElement.execute(RemoteWebElement.java:251)
at org.openqa.selenium.remote.RemoteWebElement.click(RemoteWebElement.java:77)
at Utilty.ApplicationKeyword.transaction(ApplicationKeyword.java:94)
at TestCases.StockManagement.transactionHistory(StockManagement.java:85)
at java.base/java.util.ArrayList.forEach(ArrayList.java:1511)
... Removed 32 stack frames]]>
    </failure>
  </testcase> <!-- transactionHistory -->
  <testcase classname="TestCases.StockManagement" name="buyTheStock" time="0.0">
    <ignored/>
  </testcase> <!-- buyTheStock -->
  <testcase classname="TestCases.StockManagement" name="sellTheStock" time="0.0">
    <ignored/>
  </testcase> <!-- sellTheStock -->
  <testcase classname="TestCases.StockManagement" name="quantityAfterModification" time="0.0">
    <ignored/>
  </testcase> <!-- quantityAfterModification -->
  <testcase classname="TestCases.StockManagement" name="addStock" time="0.0">
    <ignored/>
  </testcase> <!-- addStock -->
</testsuite> <!-- Stocks -->
