<?xml version="1.0" encoding="UTF-8"?>
<!-- Generated by org.testng.reporters.JUnitXMLReporter -->
<testsuite ignored="1" hostname="DESKTOP-IRE7K3E" failures="0" tests="1" name="Stock Management" time="17.759" errors="0" timestamp="2022-05-24T13:00:51 IST">
  <testcase classname="TestCases.StockManagement" name="addStock" time="17.674"/>
  <testcase classname="TestCases.StockManagement" name="modifyPortfolio" time="0.0">
    <ignored/>
  </testcase> <!-- modifyPortfolio -->
</testsuite> <!-- Stock Management -->
