<?xml version="1.0" encoding="UTF-8"?>
<!-- Generated by org.testng.reporters.JUnitXMLReporter -->
<testsuite hostname="DESKTOP-IRE7K3E" ignored="6" name="Buy the Stocks " tests="4" failures="0" timestamp="2022-05-27T13:07:49 IST" time="88.295" errors="0">
  <testcase name="doLogin" time="28.87" classname="TestCases.DoLogin"/>
  <testcase name="selectPortfolio" time="8.627" classname="TestCases.DoLogin"/>
  <testcase name="goToCompany" time="10.446" classname="TestCases.StockManagement"/>
  <testcase name="buyTheStock" time="35.815" classname="TestCases.StockManagement"/>
  <testcase name="quantityAfterModification" time="0.0" classname="TestCases.StockManagement">
    <ignored/>
  </testcase> <!-- quantityAfterModification -->
  <testcase name="@AfterSuite afterSuite" time="0.0" classname="TestBase.RediffBase">
    <ignored/>
  </testcase> <!-- @AfterSuite afterSuite -->
  <testcase name="addStock" time="0.0" classname="TestCases.StockManagement">
    <ignored/>
  </testcase> <!-- addStock -->
  <testcase name="@AfterTest afterTest" time="0.0" classname="TestBase.RediffBase">
    <ignored/>
  </testcase> <!-- @AfterTest afterTest -->
  <testcase name="sellTheStock" time="0.0" classname="TestCases.StockManagement">
    <ignored/>
  </testcase> <!-- sellTheStock -->
  <testcase name="@BeforeTest beforeTest" time="0.0" classname="TestBase.RediffBase">
    <ignored/>
  </testcase> <!-- @BeforeTest beforeTest -->
</testsuite> <!-- Buy the Stocks  -->
