<?xml version="1.0" encoding="UTF-8"?>
<!-- Generated by org.testng.reporters.JUnitXMLReporter -->
<testsuite hostname="DESKTOP-IRE7K3E" ignored="6" name="Sell the Stocks" tests="4" failures="0" timestamp="2022-05-27T13:09:12 IST" time="82.313" errors="0">
  <testcase name="doLogin" time="22.23" classname="TestCases.DoLogin"/>
  <testcase name="selectPortfolio" time="8.666" classname="TestCases.DoLogin"/>
  <testcase name="goToCompany" time="10.416" classname="TestCases.StockManagement"/>
  <testcase name="sellTheStock" time="40.08" classname="TestCases.StockManagement"/>
  <testcase name="addStock" time="0.0" classname="TestCases.StockManagement">
    <ignored/>
  </testcase> <!-- addStock -->
  <testcase name="@AfterTest afterTest" time="0.0" classname="TestBase.RediffBase">
    <ignored/>
  </testcase> <!-- @AfterTest afterTest -->
  <testcase name="@AfterSuite afterSuite" time="0.0" classname="TestBase.RediffBase">
    <ignored/>
  </testcase> <!-- @AfterSuite afterSuite -->
  <testcase name="@BeforeTest beforeTest" time="0.0" classname="TestBase.RediffBase">
    <ignored/>
  </testcase> <!-- @BeforeTest beforeTest -->
  <testcase name="buyTheStock" time="0.0" classname="TestCases.StockManagement">
    <ignored/>
  </testcase> <!-- buyTheStock -->
  <testcase name="quantityAfterModification" time="0.0" classname="TestCases.StockManagement">
    <ignored/>
  </testcase> <!-- quantityAfterModification -->
</testsuite> <!-- Sell the Stocks -->
