<?xml version="1.0" encoding="UTF-8"?>
<!-- Generated by org.testng.reporters.JUnitXMLReporter -->
<testsuite hostname="DESKTOP-IRE7K3E" ignored="4" name="Stocks" tests="1" failures="0" timestamp="2022-05-26T16:02:45 IST" time="10.661" errors="0">
  <testcase name="goToCompany" time="10.54" classname="TestCases.StockManagement"/>
  <testcase name="addStock" time="0.0" classname="TestCases.StockManagement">
    <ignored/>
  </testcase> <!-- addStock -->
  <testcase name="buyTheStock" time="0.0" classname="TestCases.StockManagement">
    <ignored/>
  </testcase> <!-- buyTheStock -->
  <testcase name="quantityAfterModification" time="0.0" classname="TestCases.StockManagement">
    <ignored/>
  </testcase> <!-- quantityAfterModification -->
  <testcase name="sellTheStock" time="0.0" classname="TestCases.StockManagement">
    <ignored/>
  </testcase> <!-- sellTheStock -->
</testsuite> <!-- Stocks -->
