<?xml version="1.0" encoding="UTF-8"?>
<!-- Generated by org.testng.reporters.JUnitXMLReporter -->
<testsuite ignored="6" hostname="DESKTOP-IRE7K3E" failures="1" tests="4" name="Name of the First Test is    Buy the StocksIteration1" time="41.614" errors="0" timestamp="2022-06-08T01:14:26 IST">
  <testcase classname="TestCases.DoLogin" name="doLogin" time="19.38"/>
  <testcase classname="TestCases.DoLogin" name="selectPortfolio" time="9.559"/>
  <testcase classname="TestCases.StockManagement" name="goToCompany" time="10.455"/>
  <testcase classname="TestCases.StockManagement" name="buyTheStock" time="0.0">
    <failure type="java.lang.NullPointerException" message="Cannot invoke &amp;quot;org.json.simple.JSONObject.get(Object)&amp;quot; because &amp;quot;data&amp;quot; is null">
      <![CDATA[java.lang.NullPointerException: Cannot invoke "org.json.simple.JSONObject.get(Object)" because "data" is null
at TestCases.StockManagement.buyTheStock(StockManagement.java:50)
at java.base/java.util.ArrayList.forEach(ArrayList.java:1511)
at Runner.TestNGRunner.run(TestNGRunner.java:80)
at Runner.JsonRunner.main(JsonRunner.java:103)
... Removed 24 stack frames]]>
    </failure>
  </testcase> <!-- buyTheStock -->
  <testcase classname="TestCases.StockManagement" name="quantityAfterModification" time="0.0">
    <ignored/>
  </testcase> <!-- quantityAfterModification -->
  <testcase classname="TestCases.StockManagement" name="sellTheStock" time="0.0">
    <ignored/>
  </testcase> <!-- sellTheStock -->
  <testcase classname="TestBase.RediffBase" name="@AfterSuite afterSuite" time="0.0">
    <ignored/>
  </testcase> <!-- @AfterSuite afterSuite -->
  <testcase classname="TestCases.StockManagement" name="addStock" time="0.0">
    <ignored/>
  </testcase> <!-- addStock -->
  <testcase classname="TestBase.RediffBase" name="@BeforeTest beforeTest" time="0.0">
    <ignored/>
  </testcase> <!-- @BeforeTest beforeTest -->
  <testcase classname="TestBase.RediffBase" name="@AfterTest afterTest" time="0.0">
    <ignored/>
  </testcase> <!-- @AfterTest afterTest -->
</testsuite> <!-- Name of the First Test is    Buy the StocksIteration1 -->
