<?xml version="1.0" encoding="UTF-8"?>
<!-- Generated by org.testng.reporters.JUnitXMLReporter -->
<testsuite ignored="6" hostname="DESKTOP-IRE7K3E" failures="0" tests="4" name="Rediff Portfolio   Sell the Stocks Iteration1" time="0.028" errors="0" timestamp="2022-06-23T00:06:21 IST">
  <testcase classname="TestBase.RediffBase" name="@BeforeTest beforeTest" time="0.012">
    <skipped/>
  </testcase> <!-- @BeforeTest beforeTest -->
  <testcase classname="TestBase.RediffBase" name="@AfterTest afterTest" time="-1.655922981515E9">
    <skipped/>
  </testcase> <!-- @AfterTest afterTest -->
  <testcase classname="TestCases.DoLogin" name="doLogin" time="0.0">
    <skipped/>
  </testcase> <!-- doLogin -->
  <testcase classname="TestCases.DoLogin" name="selectPortfolio" time="0.0">
    <skipped/>
  </testcase> <!-- selectPortfolio -->
  <testcase classname="TestCases.StockManagement" name="goToCompany" time="0.0">
    <skipped/>
  </testcase> <!-- goToCompany -->
  <testcase classname="TestCases.StockManagement" name="sellTheStock" time="0.0">
    <skipped/>
  </testcase> <!-- sellTheStock -->
  <testcase classname="TestCases.StockManagement" name="buyTheStock" time="0.0">
    <ignored/>
  </testcase> <!-- buyTheStock -->
  <testcase classname="TestCases.StockManagement" name="quantityAfterModification" time="0.0">
    <ignored/>
  </testcase> <!-- quantityAfterModification -->
  <testcase classname="TestBase.RediffBase" name="@AfterSuite afterSuite" time="0.0">
    <ignored/>
  </testcase> <!-- @AfterSuite afterSuite -->
  <testcase classname="TestCases.StockManagement" name="addStock" time="0.0">
    <ignored/>
  </testcase> <!-- addStock -->
  <testcase classname="TestBase.RediffBase" name="@BeforeTest beforeTest" time="0.0">
    <ignored/>
  </testcase> <!-- @BeforeTest beforeTest -->
  <testcase classname="TestBase.RediffBase" name="@AfterTest afterTest" time="0.0">
    <ignored/>
  </testcase> <!-- @AfterTest afterTest -->
</testsuite> <!-- Rediff Portfolio   Sell the Stocks Iteration1 -->
