<?xml version="1.0" encoding="UTF-8"?>
<!-- Generated by org.testng.reporters.JUnitXMLReporter -->
<testsuite ignored="6" hostname="DESKTOP-IRE7K3E" failures="0" tests="4" name="Rediff PortfolioSell the Stocks" time="88.058" errors="0" timestamp="2022-06-09T22:41:23 IST">
  <testcase classname="TestCases.DoLogin" name="doLogin" time="25.943"/>
  <testcase classname="TestCases.DoLogin" name="selectPortfolio" time="10.747"/>
  <testcase classname="TestCases.StockManagement" name="goToCompany" time="10.572"/>
  <testcase classname="TestCases.StockManagement" name="sellTheStock" time="40.268"/>
  <testcase classname="TestCases.StockManagement" name="buyTheStock" time="0.0">
    <ignored/>
  </testcase> <!-- buyTheStock -->
  <testcase classname="TestCases.StockManagement" name="quantityAfterModification" time="0.0">
    <ignored/>
  </testcase> <!-- quantityAfterModification -->
  <testcase classname="TestBase.RediffBase" name="@AfterSuite afterSuite" time="0.0">
    <ignored/>
  </testcase> <!-- @AfterSuite afterSuite -->
  <testcase classname="TestCases.StockManagement" name="addStock" time="0.0">
    <ignored/>
  </testcase> <!-- addStock -->
  <testcase classname="TestBase.RediffBase" name="@BeforeTest beforeTest" time="0.0">
    <ignored/>
  </testcase> <!-- @BeforeTest beforeTest -->
  <testcase classname="TestBase.RediffBase" name="@AfterTest afterTest" time="0.0">
    <ignored/>
  </testcase> <!-- @AfterTest afterTest -->
</testsuite> <!-- Rediff PortfolioSell the Stocks -->
