<?xml version="1.0" encoding="UTF-8"?>
<!-- Generated by org.testng.reporters.JUnitXMLReporter -->
<testsuite hostname="DESKTOP-IRE7K3E" ignored="6" name="Rediff Portfolio   Sell the Stocks Iteration1" tests="4" failures="0" timestamp="2022-06-13T23:57:24 IST" time="0.013" errors="0">
  <testcase name="@BeforeTest beforeTest" time="0.006" classname="TestBase.RediffBase">
    <skipped/>
  </testcase> <!-- @BeforeTest beforeTest -->
  <testcase name="@AfterTest afterTest" time="0.0" classname="TestBase.RediffBase">
    <skipped/>
  </testcase> <!-- @AfterTest afterTest -->
  <testcase name="doLogin" time="0.0" classname="TestCases.DoLogin">
    <skipped/>
  </testcase> <!-- doLogin -->
  <testcase name="selectPortfolio" time="0.0" classname="TestCases.DoLogin">
    <skipped/>
  </testcase> <!-- selectPortfolio -->
  <testcase name="goToCompany" time="0.0" classname="TestCases.StockManagement">
    <skipped/>
  </testcase> <!-- goToCompany -->
  <testcase name="sellTheStock" time="0.0" classname="TestCases.StockManagement">
    <skipped/>
  </testcase> <!-- sellTheStock -->
  <testcase name="@AfterTest afterTest" time="0.0" classname="TestBase.RediffBase">
    <ignored/>
  </testcase> <!-- @AfterTest afterTest -->
  <testcase name="buyTheStock" time="0.0" classname="TestCases.StockManagement">
    <ignored/>
  </testcase> <!-- buyTheStock -->
  <testcase name="addStock" time="0.0" classname="TestCases.StockManagement">
    <ignored/>
  </testcase> <!-- addStock -->
  <testcase name="@BeforeTest beforeTest" time="0.0" classname="TestBase.RediffBase">
    <ignored/>
  </testcase> <!-- @BeforeTest beforeTest -->
  <testcase name="@AfterSuite afterSuite" time="0.0" classname="TestBase.RediffBase">
    <ignored/>
  </testcase> <!-- @AfterSuite afterSuite -->
  <testcase name="quantityAfterModification" time="0.0" classname="TestCases.StockManagement">
    <ignored/>
  </testcase> <!-- quantityAfterModification -->
</testsuite> <!-- Rediff Portfolio   Sell the Stocks Iteration1 -->
