<?xml version="1.0" encoding="UTF-8"?>
<!-- Generated by org.testng.reporters.JUnitXMLReporter -->
<testsuite ignored="6" hostname="DESKTOP-IRE7K3E" failures="0" tests="4" name="Rediff PortfolioBuy the Stocks" time="86.807" errors="0" timestamp="2022-06-09T22:39:55 IST">
  <testcase classname="TestCases.DoLogin" name="doLogin" time="27.073"/>
  <testcase classname="TestCases.DoLogin" name="selectPortfolio" time="10.922"/>
  <testcase classname="TestCases.StockManagement" name="goToCompany" time="10.514"/>
  <testcase classname="TestCases.StockManagement" name="buyTheStock" time="36.012"/>
  <testcase classname="TestCases.StockManagement" name="quantityAfterModification" time="0.0">
    <ignored/>
  </testcase> <!-- quantityAfterModification -->
  <testcase classname="TestCases.StockManagement" name="sellTheStock" time="0.0">
    <ignored/>
  </testcase> <!-- sellTheStock -->
  <testcase classname="TestBase.RediffBase" name="@AfterSuite afterSuite" time="0.0">
    <ignored/>
  </testcase> <!-- @AfterSuite afterSuite -->
  <testcase classname="TestCases.StockManagement" name="addStock" time="0.0">
    <ignored/>
  </testcase> <!-- addStock -->
  <testcase classname="TestBase.RediffBase" name="@BeforeTest beforeTest" time="0.0">
    <ignored/>
  </testcase> <!-- @BeforeTest beforeTest -->
  <testcase classname="TestBase.RediffBase" name="@AfterTest afterTest" time="0.0">
    <ignored/>
  </testcase> <!-- @AfterTest afterTest -->
</testsuite> <!-- Rediff PortfolioBuy the Stocks -->
