<?xml version="1.0" encoding="UTF-8"?>
<!-- Generated by org.testng.reporters.JUnitXMLReporter -->
<testsuite hostname="DESKTOP-IRE7K3E" ignored="6" name="Rediff Portfolio   Sell the Stocks Iteration2" tests="4" failures="0" timestamp="2022-06-13T23:58:42 IST" time="77.405" errors="0">
  <testcase name="doLogin" time="15.577" classname="TestCases.DoLogin"/>
  <testcase name="selectPortfolio" time="8.9" classname="TestCases.DoLogin"/>
  <testcase name="goToCompany" time="10.569" classname="TestCases.StockManagement"/>
  <testcase name="sellTheStock" time="41.319" classname="TestCases.StockManagement"/>
  <testcase name="quantityAfterModification" time="0.0" classname="TestCases.StockManagement">
    <ignored/>
  </testcase> <!-- quantityAfterModification -->
  <testcase name="@BeforeTest beforeTest" time="0.0" classname="TestBase.RediffBase">
    <ignored/>
  </testcase> <!-- @BeforeTest beforeTest -->
  <testcase name="@AfterTest afterTest" time="0.0" classname="TestBase.RediffBase">
    <ignored/>
  </testcase> <!-- @AfterTest afterTest -->
  <testcase name="addStock" time="0.0" classname="TestCases.StockManagement">
    <ignored/>
  </testcase> <!-- addStock -->
  <testcase name="@AfterSuite afterSuite" time="0.0" classname="TestBase.RediffBase">
    <ignored/>
  </testcase> <!-- @AfterSuite afterSuite -->
  <testcase name="buyTheStock" time="0.0" classname="TestCases.StockManagement">
    <ignored/>
  </testcase> <!-- buyTheStock -->
</testsuite> <!-- Rediff Portfolio   Sell the Stocks Iteration2 -->
