<?xml version="1.0" encoding="UTF-8"?>
<!-- Generated by org.testng.reporters.JUnitXMLReporter -->
<testsuite hostname="DESKTOP-IRE7K3E" ignored="6" name="Rediff Portfolio   Buy the Stocks Iteration2" tests="4" failures="0" timestamp="2022-06-13T23:57:24 IST" time="99.612" errors="0">
  <testcase name="doLogin" time="36.878" classname="TestCases.DoLogin"/>
  <testcase name="selectPortfolio" time="9.947" classname="TestCases.DoLogin"/>
  <testcase name="goToCompany" time="10.768" classname="TestCases.StockManagement"/>
  <testcase name="buyTheStock" time="38.172" classname="TestCases.StockManagement"/>
  <testcase name="@AfterSuite afterSuite" time="0.0" classname="TestBase.RediffBase">
    <ignored/>
  </testcase> <!-- @AfterSuite afterSuite -->
  <testcase name="@BeforeTest beforeTest" time="0.0" classname="TestBase.RediffBase">
    <ignored/>
  </testcase> <!-- @BeforeTest beforeTest -->
  <testcase name="addStock" time="0.0" classname="TestCases.StockManagement">
    <ignored/>
  </testcase> <!-- addStock -->
  <testcase name="sellTheStock" time="0.0" classname="TestCases.StockManagement">
    <ignored/>
  </testcase> <!-- sellTheStock -->
  <testcase name="@AfterTest afterTest" time="0.0" classname="TestBase.RediffBase">
    <ignored/>
  </testcase> <!-- @AfterTest afterTest -->
  <testcase name="quantityAfterModification" time="0.0" classname="TestCases.StockManagement">
    <ignored/>
  </testcase> <!-- quantityAfterModification -->
</testsuite> <!-- Rediff Portfolio   Buy the Stocks Iteration2 -->
